<?xml version="1.0" encoding="UTF-8"?>
<testng-results ignored="0" total="1" passed="1" failed="0" skipped="0">
  <reporter-output>
  </reporter-output>
  <suite started-at="2023-12-28T23:00:17 IST" name="Suite" finished-at="2023-12-28T23:00:30 IST" duration-ms="13655">
    <groups>
    </groups>
    <test started-at="2023-12-28T23:00:17 IST" name="Test1" finished-at="2023-12-28T23:00:30 IST" duration-ms="13655">
      <class name="TestCase.SignInPageClass">
        <test-method signature="landingPageScreen()[pri:0, instance:TestCase.SignInPageClass@1ffaf86]" started-at="2023-12-28T23:00:17 IST" name="landingPageScreen" finished-at="2023-12-28T23:00:30 IST" duration-ms="13148" status="PASS">
          <reporter-output>
          </reporter-output>
        </test-method> <!-- landingPageScreen -->
      </class> <!-- TestCase.SignInPageClass -->
    </test> <!-- Test1 -->
  </suite> <!-- Suite -->
</testng-results>
